Scanning posts for image references...
Total unique image refs in posts: 2990
Already in repo: 3
Missing (need to fetch): 2987
FAIL [1/2987]: 1289535973787_1289535973787_r.jpg
FAIL [2/2987]: 2010/10/womenbiharpoll630.jpg
FAIL [3/2987]: 2010/11/07/weekinreview/YARDLEYcov/YARDLEYcov-articleLarge.jpg
FAIL [4/2987]: 2010/11/196.jpg
FAIL [5/2987]: 2010/11/201.jpg
FAIL [6/2987]: 2010/11/21/magazine/21epilepsy-span/21epilepsy-span-articleLarge.jpg
FAIL [7/2987]: 2010/11/221.jpg
FAIL [8/2987]: 2010/11/236.jpg
FAIL [9/2987]: 2010/11/254.jpg
FAIL [10/2987]: 2010/11/266.jpg
FAIL [11/2987]: 2010/11/268.jpg
FAIL [12/2987]: 2010/11/272.jpg
FAIL [13/2987]: 2010/11/280.jpg
FAIL [14/2987]: 2010/11/286.jpg
FAIL [15/2987]: 2010/11/288.jpg
FAIL [16/2987]: 2010/11/290.jpg
FAIL [17/2987]: 2010/11/292.jpg
FAIL [18/2987]: 2010/11/294.jpg
FAIL [19/2987]: 2010/11/302.jpg
FAIL [20/2987]: 2010/11/308.jpg
FAIL [21/2987]: 2010/11/310.jpg
FAIL [22/2987]: 2010/11/311.jpg
FAIL [23/2987]: 2010/11/315.jpg
FAIL [24/2987]: 2010/11/316.jpg
FAIL [25/2987]: 2010/11/318.jpg
FAIL [26/2987]: 2010/11/322.jpg
FAIL [27/2987]: 2010/11/324.png
FAIL [28/2987]: 2010/11/326.png
FAIL [29/2987]: 2010/11/328.jpg
FAIL [30/2987]: 2010/11/338.jpg
FAIL [31/2987]: 2010/11/339.jpg
FAIL [32/2987]: 2010/11/341.jpg
FAIL [33/2987]: 2010/11/343.jpg
FAIL [34/2987]: 2010/11/3451.jpg
FAIL [35/2987]: 2010/11/MOHAMMAD.jpg
FAIL [36/2987]: 2010/11/anil-mukesh.jpg
FAIL [37/2987]: 2010/11/biharseats.jpg
FAIL [38/2987]: 2010/11/china.jpg
FAIL [39/2987]: 2010/11/china1.jpg
FAIL [40/2987]: 2010/11/corporate_lobby.jpg
FAIL [41/2987]: 2010/11/dragon1.jpg
FAIL [42/2987]: 2010/11/drones.jpg
FAIL [43/2987]: 2010/11/epilepsy.jpg
FAIL [44/2987]: 2010/11/gold.jpg
FAIL [45/2987]: 2010/11/goose-stepping_1683393c.jpg
FAIL [46/2987]: 2010/11/iran.jpg
FAIL [47/2987]: 2010/11/japanese.jpg
FAIL [48/2987]: 2010/11/lunch.jpg
FAIL [49/2987]: 2010/11/merkel.jpg
FAIL [50/2987]: 2010/11/private-manning.jpg
FAIL [51/2987]: 2010/11/sallu.jpg
FAIL [52/2987]: 2010/11/shlok-made-picture.jpg
FAIL [53/2987]: 2010/11/socialvoting1.jpg
